wandb: [wandb.login()] Loaded credentials for https://api.wandb.ai from /nfs/stak/users/jonesm25/.netrc.
wandb: Currently logged in as: jonesm25 (yosemitesamurai) to https://api.wandb.ai. Use `wandb login --relogin` to force relogin
wandb: Tracking run with wandb version 0.26.0
wandb: Run data is saved locally in /nfs/stak/users/jonesm25/CurrentPrediction/wandb/run-20260416_122405-7m31pjm6
wandb: Run `wandb offline` to turn off syncing.
wandb: Syncing run pleasant-sound-2
wandb: 猸愶笍 View project at https://wandb.ai/yosemitesamurai/CurrentPrediction
wandb: 馃殌 View run at https://wandb.ai/yosemitesamurai/CurrentPrediction/runs/7m31pjm6
wandb: updating run metadata
wandb: uploading output.log; uploading wandb-summary.json; uploading config.yaml
wandb: uploading history steps 99-99, summary, console lines 499-504
wandb: 
wandb: Run history:
wandb:                  Avg Test Loss 鈻堚枂鈻勨杺鈻傗杺鈻傗杺鈻傗杺鈻佲杹鈻佲杹鈻佲杹鈻佲杹鈻佲杹鈻佲杹鈻佲杹鈻佲杹鈻佲杹鈻佲杹鈻佲杹鈻佲杹鈻佲杹鈻佲杹鈻佲杹
wandb:                          Epoch 鈻佲杹鈻佲杹鈻傗杺鈻傗杻鈻冣杻鈻冣杻鈻冣杻鈻冣杽鈻勨杽鈻勨杽鈻勨枀鈻呪枀鈻呪枀鈻呪枀鈻呪枂鈻嗏枂鈻嗏枂鈻嗏枃鈻団枅鈻堚枅
wandb:                             LR 鈻堚枅鈻堚枅鈻堚枅鈻堚枅鈻勨杽鈻勨杽鈻勨杽鈻勨杽鈻勨杽鈻勨杽鈻勨杽鈻勨杽鈻勨杽鈻勨杽鈻傗杺鈻傗杺鈻佲杹鈻佲杹鈻佲杹鈻佲杹
wandb:  Max Relative Error (I_target) 鈻堚杽鈻冣杻鈻傗杹鈻傗杹鈻傗杹鈻傗杺鈻傗杹鈻傗杺鈻傗杺鈻傗杺鈻傗杺鈻傗杺鈻佲杺鈻傗杺鈻傗杺鈻傗杺鈻傗杺鈻傗杺鈻傗杺鈻傗杺
wandb: Mean Relative Error (I_target) 鈻嗏枀鈻冣杽鈻佲杽鈻勨枃鈻堚枅鈻呪枂鈻呪枂鈻呪杻鈻呪枃鈻呪枃鈻団枀鈻団枀鈻嗏枂鈻嗏枃鈻嗏枃鈻団枂鈻団枃鈻団枂鈻団枃鈻団枃
wandb:  Min Relative Error (I_target) 鈻堚杺鈻冣杹鈻傗杽鈻冣杺鈻呪杺鈻傗枀鈻傗杺鈻佲杺鈻佲杺鈻傗杺鈻傗杹鈻佲杹鈻佲杹鈻佲杹鈻佲杹鈻佲杹鈻佲杹鈻佲杹鈻冣杹鈻傗杺
wandb:                  Training Loss 鈻堚杻鈻冣杻鈻傗杺鈻傗杺鈻傗杺鈻佲杹鈻佲杹鈻佲杹鈻佲杹鈻佲杹鈻佲杹鈻佲杹鈻佲杹鈻佲杹鈻佲杹鈻佲杹鈻佲杹鈻佲杹鈻佲杹鈻佲杹
wandb: 
wandb: Run summary:
wandb:                  Avg Test Loss 0.18669
wandb:                          Epoch 100
wandb:                             LR 1e-05
wandb:  Max Relative Error (I_target) 784.04681
wandb: Mean Relative Error (I_target) 7.70498
wandb:  Min Relative Error (I_target) 0
wandb:                  Training Loss 0.18395
wandb: 
wandb: 馃殌 View run 64-width, 5-layer, 4-heads at: https://wandb.ai/yosemitesamurai/CurrentPrediction/runs/7m31pjm6
wandb: 猸愶笍 View project at: https://wandb.ai/yosemitesamurai/CurrentPrediction
wandb: Synced 5 W&B file(s), 0 media file(s), 0 artifact file(s) and 0 other file(s)
wandb: Find logs at: ./wandb/run-20260416_122405-7m31pjm6/logs
