wandb: [wandb.login()] Loaded credentials for https://api.wandb.ai from /nfs/stak/users/jonesm25/.netrc.
wandb: Currently logged in as: jonesm25 (yosemitesamurai) to https://api.wandb.ai. Use `wandb login --relogin` to force relogin
wandb: setting up run nf2u08dy
wandb: Tracking run with wandb version 0.26.0
wandb: Run data is saved locally in /nfs/stak/users/jonesm25/CurrentPrediction/wandb/run-20260417_110028-nf2u08dy
wandb: Run `wandb offline` to turn off syncing.
wandb: Syncing run fallen-yogurt-4
wandb: 猸愶笍 View project at https://wandb.ai/yosemitesamurai/CurrentPrediction
wandb: 馃殌 View run at https://wandb.ai/yosemitesamurai/CurrentPrediction/runs/nf2u08dy
wandb: updating run metadata
wandb: uploading output.log; uploading wandb-summary.json; uploading config.yaml
wandb: 
wandb: Run history:
wandb:                  Avg Test Loss 鈻堚枅鈻堚枅鈻団杻鈻傗杺鈻傗杺鈻傗杺鈻傗杹鈻佲杹鈻佲杹鈻佲杹鈻佲杹鈻佲杹鈻佲杹鈻佲杹鈻佲杹鈻佲杹鈻佲杹鈻佲杹鈻佲杹鈻佲杹
wandb:                          Epoch 鈻佲杹鈻傗杺鈻傗杺鈻冣杻鈻冣杻鈻冣杻鈻冣杽鈻勨杽鈻勨杽鈻呪枀鈻呪枂鈻嗏枂鈻嗏枂鈻嗏枂鈻団枃鈻団枃鈻団枃鈻団枃鈻団枅鈻堚枅
wandb:                             LR 鈻堚枅鈻堚枅鈻堚枅鈻堚枅鈻堚枅鈻堚枅鈻堚枅鈻堚枅鈻堚枅鈻堚枅鈻堚枅鈻堚枅鈻堚枅鈻堚枅鈻堚枅鈻佲杹鈻佲杹鈻佲杹鈻佲杹鈻佲杹
wandb:  Max Relative Error (I_target) 鈻嗏枂鈻団枅鈻傗杺鈻傗杹鈻佲杹鈻佲杹鈻佲杹鈻佲杹鈻佲杹鈻佲杹鈻佲杹鈻佲杹鈻佲杹鈻佲杹鈻佲杹鈻佲杹鈻佲杹鈻佲杹鈻佲杹鈻佲杹
wandb: Mean Relative Error (I_target) 鈻嗏枀鈻堚杺鈻傗杺鈻傗杺鈻佲杺鈻傗杹鈻佲杹鈻佲杹鈻佲杹鈻佲杹鈻佲杹鈻佲杹鈻佲杹鈻佲杹鈻佲杹鈻佲杹鈻佲杹鈻佲杹鈻佲杹鈻佲杹
wandb:  Min Relative Error (I_target) 鈻佲杹鈻嗏枅鈻嗏杽鈻佲杹鈻傗杺鈻佲杹鈻傗杹鈻佲杹鈻佲杹鈻佲杹鈻佲杹鈻佲杹鈻佲杹鈻佲杹鈻佲杹鈻佲杹鈻佲杹鈻傗杹鈻佲杹鈻佲杹
wandb:                  Training Loss 鈻堚枀鈻傗杺鈻傗杹鈻佲杹鈻佲杹鈻佲杹鈻佲杹鈻佲杹鈻佲杹鈻佲杹鈻佲杹鈻佲杹鈻佲杹鈻佲杹鈻佲杹鈻佲杹鈻佲杹鈻佲杹鈻佲杹鈻佲杹
wandb: 
wandb: Run summary:
wandb:                  Avg Test Loss 0.22129
wandb:                          Epoch 100
wandb:                             LR 5e-05
wandb:  Max Relative Error (I_target) 66.07461
wandb: Mean Relative Error (I_target) 1.91277
wandb:  Min Relative Error (I_target) 0.0
wandb:                  Training Loss 0.21882
wandb: 
wandb: 馃殌 View run 64-width, 5-layer, 4-heads at: https://wandb.ai/yosemitesamurai/CurrentPrediction/runs/nf2u08dy
wandb: 猸愶笍 View project at: https://wandb.ai/yosemitesamurai/CurrentPrediction
wandb: Synced 5 W&B file(s), 0 media file(s), 0 artifact file(s) and 0 other file(s)
wandb: Find logs at: ./wandb/run-20260417_110028-nf2u08dy/logs
